<?xml version="1.0" encoding="UTF-8"?>
<!-- Generated by org.testng.reporters.JUnitReportReporter -->
<testsuite hostname="DESKTOP-D5739PH" failures="0" tests="3" name="com.citis.testcases.LoginPageTest" time="31.974" errors="0" timestamp="05 Jan 2019 17:54:50 GMT" skipped="0">
  <testcase classname="com.citis.testcases.LoginPageTest" name="loginPageTitle" time="6.361"/>
  <testcase classname="com.citis.testcases.LoginPageTest" name="LogoimmageTest" time="16.591"/>
  <testcase classname="com.citis.testcases.LoginPageTest" name="loginTest" time="9.022"/>
</testsuite> <!-- com.citis.testcases.LoginPageTest -->
