<?xml version="1.0" encoding="UTF-8"?>
<!-- Generated by org.testng.reporters.JUnitReportReporter -->
<testsuite hostname="DESKTOP-D5739PH" failures="0" tests="4" name="com.citis.testcases.ProductNServicesTest" time="90.756" errors="0" timestamp="07 Jan 2019 02:55:17 GMT" skipped="0">
  <testcase classname="com.citis.testcases.ProductNServicesTest" name="createNewService" time="22.850"/>
  <testcase classname="com.citis.testcases.ProductNServicesTest" name="createNewService" time="23.659"/>
  <testcase classname="com.citis.testcases.ProductNServicesTest" name="createNewService" time="22.193"/>
  <testcase classname="com.citis.testcases.ProductNServicesTest" name="createNewService" time="22.054"/>
</testsuite> <!-- com.citis.testcases.ProductNServicesTest -->
