<?xml version="1.0" encoding="UTF-8"?>
<!-- Generated by org.testng.reporters.JUnitReportReporter -->
<testsuite skipped="0" hostname="DESKTOP-3URJ6ES" name="com.citis.testcases.LoginPageTest" tests="3" failures="0" timestamp="10 Jan 2019 06:06:02 GMT" time="20.710" errors="0">
  <testcase name="loginPageTitle" time="7.040" classname="com.citis.testcases.LoginPageTest"/>
  <testcase name="LogoimmageTest" time="5.397" classname="com.citis.testcases.LoginPageTest"/>
  <testcase name="loginTest" time="8.273" classname="com.citis.testcases.LoginPageTest"/>
</testsuite> <!-- com.citis.testcases.LoginPageTest -->
